============================================================
Deployment   : J14A2
Current time : 6/13/2014 2:28:26 PM
Start at     : 6/16/2014 8:00:00 PM
Comment:
June 2014 multi-TTM deplyment. APL-UW 'VEC02' instrument for X-wing.
------------------------------------------------------------
Sampling rate        (Hz) : 32
Nominal vel. range  (m/s) : 4.00
Burst interval        (s) : CONTINUOUS
Samples per burst         : N/A
Sampling volume      (mm) : 14.9
Transmit length      (mm) : 4.0
Measurement load      (%) : 36
Power level               : HIGH
Output sync               : VECTOR
Start on sync             : DISABLED
Sample on sync            : DISABLED
INS Sensor                : DISABLED
INS Data type             : AHRSCC
Compass upd. rate     (s) : 1
Coordinate System         : XYZ
Speed of sound      (m/s) : MEASURED
Salinity            (ppt) : 35
Analog output             : DISABLED
Analog output range       : N/A
Analog input 1            : NONE
Analog input 2            : NONE
Analog input power out    : DISABLED
File wrapping             : OFF
TellTale                  : OFF
Acoustic modem            : OFF
Serial output             : OFF
Baud rate                 : 57600
------------------------------------------------------------
Assumed duration   (days) : 1.0
Battery utilization   (%) : 43.0
Battery level         (V) : 14.0
Recorder size        (MB) : 3886
Recorder free space  (MB) : 3716.659
Memory required      (MB) : 65.6
Vertical vel. range (m/s) : 1.5
Horizon. vel. range (m/s) : 5.3
------------------------------------------------------------
Instrument ID             : VEC 9062
Head ID                   : VCH 4811
Firmware version          : 3.34
ProLog ID                 : 149
ProLog firmware version   : 4.08
------------------------------------------------------------
SD Card Inserted          : YES
SD Card Ready             : YES
SD Card Write protected   : NO
SD Card Type              : SDHC
SD Card Supported         : YES
------------------------------------------------------------
Vector Version 1.37.02
Copyright (C) Nortek AS
============================================================
