============================================================
Deployment   : J14N1
Current time : 6/13/2014 1:50:41 PM
Start at     : 6/16/2014 8:00:00 PM
Comment:
June 2014 multi-TTM deplyment. NREL01 instrument for long-term TTM.
------------------------------------------------------------
Sampling rate        (Hz) : 32
Nominal vel. range  (m/s) : 4.00
Burst interval        (s) : CONTINUOUS
Samples per burst         : N/A
Sampling volume      (mm) : 14.9
Transmit length      (mm) : 4.0
Measurement load      (%) : 36
Power level               : HIGH
Output sync               : VECTOR
Start on sync             : DISABLED
Sample on sync            : DISABLED
INS Sensor                : ENABLED
INS Data type             : AHRSCC
Compass upd. rate     (s) : 1
Coordinate System         : XYZ
Speed of sound      (m/s) : MEASURED
Salinity            (ppt) : 35
Analog output             : DISABLED
Analog output range       : N/A
Analog input 1            : NONE
Analog input 2            : NONE
Analog input power out    : DISABLED
File wrapping             : OFF
TellTale                  : OFF
Acoustic modem            : OFF
Serial output             : OFF
Baud rate                 : 57600
------------------------------------------------------------
Assumed duration   (days) : 5.0
Battery utilization   (%) : 313.0
Battery level         (V) : 11.4
Recorder size        (MB) : 3926
Recorder free space  (MB) : 3925.972
Memory required      (MB) : 1461.7
Vertical vel. range (m/s) : 1.5
Horizon. vel. range (m/s) : 5.3
------------------------------------------------------------
Instrument ID             : VEC 9625
Head ID                   : VEC 4836
Firmware version          : 9d36
ProLog ID                 : 187
ProLog firmware version   : 4.12
------------------------------------------------------------
SD Card Inserted          : YES
SD Card Ready             : YES
SD Card Write protected   : NO
SD Card Type              : SDHC
SD Card Supported         : YES
------------------------------------------------------------
Vector Version 1.37.02
Copyright (C) Nortek AS
============================================================
